Jun  8 00:00:01 Rajats-MacBook-Pro-3 syslogd[47]: ASL Sender Statistics
Jun  8 00:00:09 Rajats-MacBook-Pro-3 iTunesCacheExtension[1124]: objc[1124]: Class ITNSImage is implemented in both /System/Library/Frameworks/iTunesLibrary.framework/Versions/A/iTunesLibrary (0x7fff857902a0) and /Applications/iTunes.app/Contents/PlugIns/iTunesCacheExtension.appex/Contents/MacOS/iTunesCacheExtension (0x107646370). One of the two will be used. Which one is undefined.
Jun  8 00:00:10 Rajats-MacBook-Pro-3 com.apple.xpc.launchd[1] (com.apple.imfoundation.IMRemoteURLConnectionAgent): Unknown key for integer: _DirtyJetsamMemoryLimit
Jun  8 00:00:10 --- last message repeated 1 time ---
Jun  8 00:00:10 Rajats-MacBook-Pro-3 com.apple.xpc.launchd[1] (com.apple.xpc.launchd.domain.pid.IDECacheDeleteAppExtension.1123): Path not allowed in target domain: type = pid, path = /Applications/Xcode.app/Contents/Frameworks/IDEKit.framework/Versions/A/XPCServices/IDETouchBarSimulatorService.xpc error = 147: The specified service did not ship in the requestor's bundle, origin = /Applications/Xcode.app/Contents/PlugIns/IDECacheDeleteAppExtension.appex
Jun  8 00:00:10 Rajats-MacBook-Pro-3 com.apple.xpc.launchd[1] (com.apple.xpc.launchd.domain.pid.IDECacheDeleteAppExtension.1123): Path not allowed in target domain: type = pid, path = /Applications/Xcode.app/Contents/SharedFrameworks/LLDB.framework/Versions/A/XPCServices/RootDebuggingXPCService.xpc error = 147: The specified service did not ship in the requestor's bundle, origin = /Applications/Xcode.app/Contents/PlugIns/IDECacheDeleteAppExtension.appex
Jun  8 00:00:21 Rajats-MacBook-Pro-3 com.apple.xpc.launchd[1] (com.apple.WebKit.Networking.A65DA3F0-D5F6-4818-8F93-26F3453B8C4E[1129]): Service exited with abnormal code: 1
Jun  8 00:00:21 Rajats-MacBook-Pro-3 com.apple.xpc.launchd[1] (com.apple.WebKit.Networking.DB5BF62E-7A5B-41AE-BAF6-3B64405E306C[1131]): Service exited with abnormal code: 1
Jun  8 00:00:35 Rajats-MacBook-Pro-3 com.apple.xpc.launchd[1] (com.apple.WebKit.Networking.C43B72BF-E7E2-46C7-A4A3-A4A91D6C1660[1128]): Service did not exit 5 seconds after SIGTERM. Sending SIGKILL.
Jun  8 00:00:35 Rajats-MacBook-Pro-3 com.apple.xpc.launchd[1] (com.apple.WebKit.Networking.DB091930-C8D8-4006-80FD-9229E8DC8BAA[1130]): Service did not exit 5 seconds after SIGTERM. Sending SIGKILL.
Jun  8 00:00:55 Rajats-MacBook-Pro-3 iTunesCacheExtension[1135]: objc[1135]: Class ITNSImage is implemented in both /System/Library/Frameworks/iTunesLibrary.framework/Versions/A/iTunesLibrary (0x7fff857902a0) and /Applications/iTunes.app/Contents/PlugIns/iTunesCacheExtension.appex/Contents/MacOS/iTunesCacheExtension (0x10ffea370). One of the two will be used. Which one is undefined.
Jun  8 00:00:55 Rajats-MacBook-Pro-3 com.apple.xpc.launchd[1] (com.apple.imfoundation.IMRemoteURLConnectionAgent): Unknown key for integer: _DirtyJetsamMemoryLimit
Jun  8 00:00:55 --- last message repeated 1 time ---
Jun  8 00:00:55 Rajats-MacBook-Pro-3 com.apple.xpc.launchd[1] (com.apple.xpc.launchd.domain.pid.IDECacheDeleteAppExtension.1134): Path not allowed in target domain: type = pid, path = /Applications/Xcode.app/Contents/Frameworks/IDEKit.framework/Versions/A/XPCServices/IDETouchBarSimulatorService.xpc error = 147: The specified service did not ship in the requestor's bundle, origin = /Applications/Xcode.app/Contents/PlugIns/IDECacheDeleteAppExtension.appex
Jun  8 00:00:55 Rajats-MacBook-Pro-3 com.apple.xpc.launchd[1] (com.apple.xpc.launchd.domain.pid.IDECacheDeleteAppExtension.1134): Path not allowed in target domain: type = pid, path = /Applications/Xcode.app/Contents/SharedFrameworks/LLDB.framework/Versions/A/XPCServices/RootDebuggingXPCService.xpc error = 147: The specified service did not ship in the requestor's bundle, origin = /Applications/Xcode.app/Contents/PlugIns/IDECacheDeleteAppExtension.appex
Jun  8 00:01:07 Rajats-MacBook-Pro-3 com.apple.xpc.launchd[1] (com.apple.WebKit.Networking.01D74BFA-0DD2-4E7C-BC05-1FD8A324F5BD[1142]): Service exited with abnormal code: 1
Jun  8 00:01:16 Rajats-MacBook-Pro-3 iTunesCacheExtension[1147]: objc[1147]: Class ITNSImage is implemented in both /System/Library/Frameworks/iTunesLibrary.framework/Versions/A/iTunesLibrary (0x7fff857902a0) and /Applications/iTunes.app/Contents/PlugIns/iTunesCacheExtension.appex/Contents/MacOS/iTunesCacheExtension (0x108539370). One of the two will be used. Which one is undefined.
Jun  8 00:01:16 Rajats-MacBook-Pro-3 com.apple.xpc.launchd[1] (com.apple.imfoundation.IMRemoteURLConnectionAgent): Unknown key for integer: _DirtyJetsamMemoryLimit
Jun  8 00:01:17 Rajats-MacBook-Pro-3 com.apple.xpc.launchd[1] (com.apple.xpc.launchd.domain.pid.IDECacheDeleteAppExtension.1146): Path not allowed in target domain: type = pid, path = /Applications/Xcode.app/Contents/Frameworks/IDEKit.framework/Versions/A/XPCServices/IDETouchBarSimulatorService.xpc error = 147: The specified service did not ship in the requestor's bundle, origin = /Applications/Xcode.app/Contents/PlugIns/IDECacheDeleteAppExtension.appex
Jun  8 00:01:17 Rajats-MacBook-Pro-3 com.apple.xpc.launchd[1] (com.apple.xpc.launchd.domain.pid.IDECacheDeleteAppExtension.1146): Path not allowed in target domain: type = pid, path = /Applications/Xcode.app/Contents/SharedFrameworks/LLDB.framework/Versions/A/XPCServices/RootDebuggingXPCService.xpc error = 147: The specified service did not ship in the requestor's bundle, origin = /Applications/Xcode.app/Contents/PlugIns/IDECacheDeleteAppExtension.appex
Jun  8 00:01:21 Rajats-MacBook-Pro-3 com.apple.xpc.launchd[1] (com.apple.WebKit.Networking.69DC7D1F-675B-423E-97BD-63942B135752[1140]): Service did not exit 5 seconds after SIGTERM. Sending SIGKILL.
Jun  8 00:01:21 Rajats-MacBook-Pro-3 com.apple.xpc.launchd[1] (com.apple.WebKit.Networking.F54F223A-DF0A-4664-8D65-2F3A7CFE683C[1139]): Service did not exit 5 seconds after SIGTERM. Sending SIGKILL.
Jun  8 00:01:21 Rajats-MacBook-Pro-3 com.apple.xpc.launchd[1] (com.apple.WebKit.Networking.CC9BF913-B794-463C-8DF7-73738024665E[1141]): Service did not exit 5 seconds after SIGTERM. Sending SIGKILL.
Jun  8 00:01:27 Rajats-MacBook-Pro-3 com.apple.xpc.launchd[1] (com.apple.WebKit.Networking.A9635DF6-6E58-4200-B74F-639D7DD37B32[1151]): Service exited with abnormal code: 1
Jun  8 00:01:28 Rajats-MacBook-Pro-3 com.apple.xpc.launchd[1] (com.apple.WebKit.Networking.32529376-02CC-4D9E-B876-565290070A6A[1152]): Service exited with abnormal code: 1
Jun  8 00:01:28 Rajats-MacBook-Pro-3 com.apple.xpc.launchd[1] (com.apple.WebKit.Networking.9A42AA75-4B9A-496B-8BEC-805B62BD244A[1153]): Service exited with abnormal code: 1
Jun  8 00:01:42 Rajats-MacBook-Pro-3 com.apple.xpc.launchd[1] (com.apple.WebKit.Networking.1BBC8ABC-504C-4AD9-BBC6-15C3749E7074[1150]): Service did not exit 5 seconds after SIGTERM. Sending SIGKILL.
Jun  8 00:13:03 Rajats-MacBook-Pro-3 syslogd[47]: ASL Sender Statistics
Jun  8 00:19:40 Rajats-MacBook-Pro-3 fud[1174]: objc[1174]: Class MobileAssetUpdater is implemented in both /System/Library/PrivateFrameworks/MobileAccessoryUpdater.framework/Support/fud (0x10533c998) and /System/Library/AccessoryUpdaterBundles/ApplePowerAccessoryUpdater.bundle/Contents/MacOS/ApplePowerAccessoryUpdater (0x1053e8aa8). One of the two will be used. Which one is undefined.
Jun  8 00:19:42 Rajats-MacBook-Pro-3 com.apple.xpc.launchd[1] (com.apple.powerchime): Service only ran for 1 seconds. Pushing respawn out by 9 seconds.
Jun  8 00:23:53 Rajats-MacBook-Pro-3 syslogd[47]: ASL Sender Statistics
Jun  8 00:28:31 Rajats-MacBook-Pro-3 com.apple.xpc.launchd[1] (com.adobe.ARMDCHelper.cc24aef4a1b90ed56a725c38014c95072f92651fb65e1bf9c8e43c37a23d420d[1186]): Service exited with abnormal code: 111
Jun  8 00:30:00 Rajats-MacBook-Pro-3 syslogd[47]: Configuration Notice:
	ASL Module "com.apple.cdscheduler" claims selected messages.
	Those messages may not appear in standard system log files or in the ASL database.
Jun  8 00:30:00 Rajats-MacBook-Pro-3 syslogd[47]: Configuration Notice:
	ASL Module "com.apple.install" claims selected messages.
	Those messages may not appear in standard system log files or in the ASL database.
Jun  8 00:30:00 Rajats-MacBook-Pro-3 syslogd[47]: Configuration Notice:
	ASL Module "com.apple.family.asl" claims selected messages.
	Those messages may not appear in standard system log files or in the ASL database.
Jun  8 00:30:00 Rajats-MacBook-Pro-3 syslogd[47]: Configuration Notice:
	ASL Module "com.apple.callhistory.asl.conf" claims selected messages.
	Those messages may not appear in standard system log files or in the ASL database.
Jun  8 00:30:00 Rajats-MacBook-Pro-3 syslogd[47]: Configuration Notice:
	ASL Module "com.apple.contacts.ContactsUICore" claims selected messages.
	Those messages may not appear in standard system log files or in the ASL database.
Jun  8 00:30:00 Rajats-MacBook-Pro-3 syslogd[47]: Configuration Notice:
	ASL Module "com.apple.authd" sharing output destination "/var/log/asl" with ASL Module "com.apple.asl".
	Output parameters from ASL Module "com.apple.asl" override any specified in ASL Module "com.apple.authd".
Jun  8 00:30:00 Rajats-MacBook-Pro-3 syslogd[47]: Configuration Notice:
	ASL Module "com.apple.authd" sharing output destination "/var/log/system.log" with ASL Module "com.apple.asl".
	Output parameters from ASL Module "com.apple.asl" override any specified in ASL Module "com.apple.authd".
Jun  8 00:30:00 Rajats-MacBook-Pro-3 syslogd[47]: Configuration Notice:
	ASL Module "com.apple.authd" claims selected messages.
	Those messages may not appear in standard system log files or in the ASL database.
Jun  8 00:30:00 Rajats-MacBook-Pro-3 syslogd[47]: Configuration Notice:
	ASL Module "com.apple.eventmonitor" claims selected messages.
	Those messages may not appear in standard system log files or in the ASL database.
Jun  8 00:30:00 Rajats-MacBook-Pro-3 syslogd[47]: Configuration Notice:
	ASL Module "com.apple.mail" claims selected messages.
	Those messages may not appear in standard system log files or in the ASL database.
Jun  8 00:30:00 Rajats-MacBook-Pro-3 syslogd[47]: Configuration Notice:
	ASL Module "com.apple.coreaudio" claims selected messages.
	Those messages may not appear in standard system log files or in the ASL database.
Jun  8 00:30:00 Rajats-MacBook-Pro-3 syslogd[47]: Configuration Notice:
	ASL Module "com.apple.performance" claims selected messages.
	Those messages may not appear in standard system log files or in the ASL database.
Jun  8 00:30:00 Rajats-MacBook-Pro-3 syslogd[47]: Configuration Notice:
	ASL Module "com.apple.iokit.power" claims selected messages.
	Those messages may not appear in standard system log files or in the ASL database.
Jun  8 00:30:00 Rajats-MacBook-Pro-3 syslogd[47]: Configuration Notice:
	ASL Module "com.apple.contacts.ContactsAutocomplete" claims selected messages.
	Those messages may not appear in standard system log files or in the ASL database.
Jun  8 00:30:00 Rajats-MacBook-Pro-3 syslogd[47]: Configuration Notice:
	ASL Module "com.apple.mkb" sharing output destination "/private/var/log/keybagd.log" with ASL Module "com.apple.mkb.internal".
	Output parameters from ASL Module "com.apple.mkb.internal" override any specified in ASL Module "com.apple.mkb".
Jun  8 00:30:00 Rajats-MacBook-Pro-3 syslogd[47]: Configuration Notice:
	ASL Module "com.apple.mkb" claims selected messages.
	Those messages may not appear in standard system log files or in the ASL database.
Jun  8 00:30:00 Rajats-MacBook-Pro-3 syslogd[47]: Configuration Notice:
	ASL Module "com.apple.AddressBookLegacy" claims selected messages.
	Those messages may not appear in standard system log files or in the ASL database.
Jun  8 00:30:00 Rajats-MacBook-Pro-3 syslogd[47]: Configuration Notice:
	ASL Module "com.apple.MessageTracer" claims selected messages.
	Those messages may not appear in standard system log files or in the ASL database.
Jun  8 00:30:00 Rajats-MacBook-Pro-3 syslogd[47]: Configuration Notice:
	ASL Module "com.apple.networking.boringssl" sharing output destination "/Library/Logs/CrashReporter" with ASL Module "com.apple.networking.networkextension".
	Output parameters from ASL Module "com.apple.networking.networkextension" override any specified in ASL Module "com.apple.networking.boringssl".
Jun  8 00:30:00 Rajats-MacBook-Pro-3 syslogd[47]: Configuration Notice:
	ASL Module "com.apple.clouddocs" claims selected messages.
	Those messages may not appear in standard system log files or in the ASL database.
Jun  8 00:33:44 Rajats-MacBook-Pro-3 Terminal[1200]: DEPRECATED USE in libdispatch client: dispatch source activated with no event handler set; set a breakpoint on _dispatch_bug_deprecated to debug
Jun  8 00:33:44 Rajats-MacBook-Pro-3 AGMService[424]: ProcessPath : /Applications/Utilities/Terminal.app/Contents/MacOS/Terminal
Jun  8 00:33:44 Rajats-MacBook-Pro-3 login[1201]: USER_PROCESS: 1201 ttys000
Jun  8 00:34:03 Rajats-MacBook-Pro-3 login[1211]: USER_PROCESS: 1211 ttys001
Jun  8 00:34:03 Rajats-MacBook-Pro-3 syslogd[47]: ASL Sender Statistics
Jun  8 00:34:09 Rajats-MacBook-Pro-3 login[1201]: DEAD_PROCESS: 1201 ttys000
Jun  8 00:34:09 Rajats-MacBook-Pro-3 login[1211]: DEAD_PROCESS: 1211 ttys001
Jun  8 00:34:11 Rajats-MacBook-Pro-3 login[1242]: USER_PROCESS: 1242 ttys000
Jun  8 00:34:13 Rajats-MacBook-Pro-3 login[1251]: USER_PROCESS: 1251 ttys001
Jun  8 00:34:24 Rajats-MacBook-Pro-3 login[1260]: USER_PROCESS: 1260 ttys002
Jun  8 00:34:35 Rajats-MacBook-Pro-3 login[1251]: DEAD_PROCESS: 1251 ttys001
Jun  8 00:35:47 Rajats-MacBook-Pro-3 System Preferences[1284]: DEPRECATED USE in libdispatch client: dispatch source activated with no event handler set; set a breakpoint on _dispatch_bug_deprecated to debug
Jun  8 00:35:48 Rajats-MacBook-Pro-3 com.apple.xpc.launchd[1] (com.apple.imfoundation.IMRemoteURLConnectionAgent): Unknown key for integer: _DirtyJetsamMemoryLimit
Jun  8 00:35:48 Rajats-MacBook-Pro-3 AGMService[424]: ProcessPath : /Applications/System Preferences.app/Contents/MacOS/System Preferences
Jun  8 00:35:48 Rajats-MacBook-Pro-3 com.apple.xpc.launchd[1] (com.apple.imfoundation.IMRemoteURLConnectionAgent): Unknown key for integer: _DirtyJetsamMemoryLimit
Jun  8 00:35:52 Rajats-MacBook-Pro-3 com.apple.preference.desktopscreeneffect.desktop.remoteservice[1293]: DEPRECATED USE in libdispatch client: dispatch source activated with no event handler set; set a breakpoint on _dispatch_bug_deprecated to debug
Jun  8 00:35:55 Rajats-MacBook-Pro-3 com.apple.preference.general.remoteservice[1299]: DEPRECATED USE in libdispatch client: dispatch source activated with no event handler set; set a breakpoint on _dispatch_bug_deprecated to debug
Jun  8 00:35:57 Rajats-MacBook-Pro-3 com.apple.xpc.launchd[1] (com.apple.quicklook[1303]): Endpoint has been activated through legacy launch(3) APIs. Please switch to XPC or bootstrap_check_in(): com.apple.quicklook
Jun  8 00:35:59 Rajats-MacBook-Pro-3 com.apple.xpc.launchd[1] (com.apple.preference.general.remoteservice[1299]): Service exited due to SIGKILL | sent by com.apple.preference.general.rem[1299]
Jun  8 00:36:04 Rajats-MacBook-Pro-3 com.apple.xpc.launchd[1] (com.apple.preference.desktopscreeneffect.desktop.remoteservice[1293]): Service did not exit 5 seconds after SIGTERM. Sending SIGKILL.
Jun  8 00:36:05 Rajats-MacBook-Pro-3 com.apple.xpc.launchd[1] (com.apple.photos.ImageConversionService[1298]): Service exited due to SIGKILL | sent by com.apple.photos.ImageConversion[1298]
Jun  8 00:38:41 Rajats-MacBook-Pro-3 com.apple.xpc.launchd[1] (com.apple.imfoundation.IMRemoteURLConnectionAgent): Unknown key for integer: _DirtyJetsamMemoryLimit
Jun  8 00:43:55 Rajats-MacBook-Pro-3 Directory Utility[1330]: DEPRECATED USE in libdispatch client: dispatch source activated with no event handler set; set a breakpoint on _dispatch_bug_deprecated to debug
Jun  8 00:43:56 Rajats-MacBook-Pro-3 AGMService[424]: ProcessPath : /System/Library/CoreServices/Applications/Directory Utility.app/Contents/MacOS/Directory Utility
Jun  8 00:43:57 Rajats-MacBook-Pro-3 SecurityAgent[1332]: objc[1332]: Class TKTokenRefImpl is implemented in both /System/Library/Frameworks/Security.framework/Versions/A/Security (0x7fff851b5fa8) and /System/Library/Frameworks/Security.framework/Versions/A/MachServices/SecurityAgent.bundle/Contents/MacOS/SecurityAgent (0x108b71ce8). One of the two will be used. Which one is undefined.
Jun  8 00:43:57 Rajats-MacBook-Pro-3 SecurityAgent[1332]: objc[1332]: Class TKTokenRefCtkd is implemented in both /System/Library/Frameworks/Security.framework/Versions/A/Security (0x7fff851b5fd0) and /System/Library/Frameworks/Security.framework/Versions/A/MachServices/SecurityAgent.bundle/Contents/MacOS/SecurityAgent (0x108b71d10). One of the two will be used. Which one is undefined.
Jun  8 00:43:57 Rajats-MacBook-Pro-3 SecurityAgent[1332]: DEPRECATED USE in libdispatch client: dispatch source activated with no event handler set; set a breakpoint on _dispatch_bug_deprecated to debug
Jun  8 00:44:12 Rajats-MacBook-Pro-3 com.apple.xpc.launchd[1] (com.apple.imfoundation.IMRemoteURLConnectionAgent): Unknown key for integer: _DirtyJetsamMemoryLimit
Jun  8 00:44:12 Rajats-MacBook-Pro-3 syslogd[47]: ASL Sender Statistics
Jun  8 00:44:18 Rajats-MacBook-Pro-3 com.apple.xpc.launchd[1] (com.apple.imfoundation.IMRemoteURLConnectionAgent): Unknown key for integer: _DirtyJetsamMemoryLimit
Jun  8 00:44:18 Rajats-MacBook-Pro-3 efilogin-helper[1344]: objc[1344]: Class EFILWLogging is implemented in both /System/Library/PrivateFrameworks/EFILogin.framework/Versions/A/EFILogin (0x7fff86da9050) and /System/Library/PrivateFrameworks/EFILogin.framework/Versions/A/Resources/efilogin-helper (0x10570dd68). One of the two will be used. Which one is undefined.
Jun  8 00:44:18 Rajats-MacBook-Pro-3 efilogin-helper[1344]: objc[1344]: Class EFILWLogging is implemented in both /System/Library/PrivateFrameworks/EFILogin.framework/Versions/A/EFILogin (0x7fff86da9050) and /System/Library/PrivateFrameworks/EFILogin.framework/Resources/EFIResourceBuilder.bundle/Contents/MacOS/EFIResourceBuilder (0x1057ae900). One of the two will be used. Which one is undefined.
Jun  8 00:44:18 Rajats-MacBook-Pro-3 com.apple.xpc.launchd[1] (com.apple.bsd.dirhelper[1343]): Endpoint has been activated through legacy launch(3) APIs. Please switch to XPC or bootstrap_check_in(): com.apple.bsd.dirhelper
Jun  8 00:44:18 Rajats-MacBook-Pro-3 Finder[303]: libcoreservices: __create_or_fix_relative_directory: 977: __dirhelper_create_relative_with_error: error Operation not permitted
Jun  8 00:44:38 --- last message repeated 1 time ---
Jun  8 00:44:38 Rajats-MacBook-Pro-3 com.apple.xpc.launchd[1] (com.apple.mdworker.shared.02000000-0000-0000-0000-000000000000): Service only ran for 4 seconds. Pushing respawn out by 6 seconds.
Warning 
